Build started 30/08/2014 02:19:38 p.m..
     1>Project "C:\Users\Augusto\documents\visual studio 2010\Projects\EDA_Guia4\EDA_Guia4\EDA_Guia4.vcxproj" on node 2 (build target(s)).
     1>InitializeBuildStatus:
         Creating "Debug\EDA_Guia4_1.unsuccessfulbuild" because "AlwaysCreate" was specified.
       ClCompile:
         C:\Program Files (x86)\Microsoft Visual Studio 10.0\VC\bin\CL.exe /c /ZI /nologo /W3 /WX- /Od /Oy- /D WIN32 /D _DEBUG /D _CONSOLE /D _UNICODE /D UNICODE /Gm /EHsc /RTC1 /MDd /GS /fp:precise /Zc:wchar_t /Zc:forScope /Fo"Debug\\" /Fd"Debug\vc100.pdb" /Gd /TC /analyze- /errorReport:prompt main.c png_compiler.c
         png_compiler.c
     1>c:\users\augusto\documents\visual studio 2010\projects\eda_guia4\eda_guia4\png_compiler.c(85): warning C4018: '<' : signed/unsigned mismatch
     1>c:\users\augusto\documents\visual studio 2010\projects\eda_guia4\eda_guia4\png_compiler.c(87): warning C4018: '<' : signed/unsigned mismatch
         main.c
     1>c:\users\augusto\documents\visual studio 2010\projects\eda_guia4\eda_guia4\main.c(51): warning C4996: 'fopen': This function or variable may be unsafe. Consider using fopen_s instead. To disable deprecation, use _CRT_SECURE_NO_WARNINGS. See online help for details.
                 c:\program files (x86)\microsoft visual studio 10.0\vc\include\stdio.h(234) : see declaration of 'fopen'
         Generating Code...
     1>c:\users\augusto\documents\visual studio 2010\projects\eda_guia4\eda_guia4\png_compiler.c(70): warning C4715: 'analizarPNGConQuadTree' : not all control paths return a value
       ManifestResourceCompile:
         All outputs are up-to-date.
       Link:
         C:\Program Files (x86)\Microsoft Visual Studio 10.0\VC\bin\link.exe /ERRORREPORT:PROMPT /OUT:"C:\Users\Augusto\documents\visual studio 2010\Projects\EDA_Guia4\Debug\EDA_Guia4_1.exe" /INCREMENTAL /NOLOGO kernel32.lib user32.lib gdi32.lib winspool.lib comdlg32.lib advapi32.lib shell32.lib ole32.lib oleaut32.lib uuid.lib odbc32.lib odbccp32.lib /MANIFEST /ManifestFile:"Debug\EDA_Guia4_1.exe.intermediate.manifest" /MANIFESTUAC:"level='asInvoker' uiAccess='false'" /DEBUG /PDB:"C:\Users\Augusto\documents\visual studio 2010\Projects\EDA_Guia4\Debug\EDA_Guia4_1.pdb" /SUBSYSTEM:CONSOLE /TLBID:1 /DYNAMICBASE /NXCOMPAT /IMPLIB:"C:\Users\Augusto\documents\visual studio 2010\Projects\EDA_Guia4\Debug\EDA_Guia4_1.lib" /MACHINE:X86 Debug\EDA_Guia4_1.exe.embed.manifest.res
         Debug\lodepng.obj
         Debug\main.obj
         Debug\png_compiler.obj
       Manifest:
         C:\Program Files (x86)\Microsoft SDKs\Windows\v7.0A\bin\mt.exe /nologo /verbose /out:"Debug\EDA_Guia4_1.exe.embed.manifest" /manifest Debug\EDA_Guia4_1.exe.intermediate.manifest
         All outputs are up-to-date.
       LinkEmbedManifest:
         All outputs are up-to-date.
         EDA_Guia4.vcxproj -> C:\Users\Augusto\documents\visual studio 2010\Projects\EDA_Guia4\Debug\EDA_Guia4_1.exe
       FinalizeBuildStatus:
         Deleting file "Debug\EDA_Guia4_1.unsuccessfulbuild".
         Touching "Debug\EDA_Guia4_1.lastbuildstate".
     1>Done Building Project "C:\Users\Augusto\documents\visual studio 2010\Projects\EDA_Guia4\EDA_Guia4\EDA_Guia4.vcxproj" (build target(s)).

Build succeeded.

Time Elapsed 00:00:00.66
